{
  "RSpec": {
    "coverage": {
      "/Users/maggiehibberd/airport/spec/airport_spec.rb": {
        "lines": [
          1,
          null,
          1,
          1,
          null,
          1,
          1,
          null,
          1,
          1,
          1,
          1,
          1,
          1,
          null,
          null,
          1,
          1,
          1,
          1,
          1,
          1,
          1,
          1,
          1,
          1,
          null,
          null,
          1,
          1,
          1,
          1,
          1,
          1,
          1,
          null,
          0,
          0,
          0,
          0,
          null,
          1,
          1,
          1,
          1,
          1,
          1,
          1,
          1,
          1,
          1,
          null,
          null,
          1,
          1,
          null,
          null,
          null,
          null,
          1,
          1,
          1,
          1,
          1,
          1,
          1,
          1,
          1,
          1,
          1,
          1,
          1,
          1,
          1,
          1,
          1,
          1,
          1,
          null,
          null,
          null
        ]
      },
      "/Users/maggiehibberd/airport/lib/airport.rb": {
        "lines": [
          1,
          1,
          null,
          1,
          5,
          5,
          5,
          5,
          null,
          null,
          1,
          19,
          null,
          null,
          1,
          17,
          3,
          14,
          0,
          null,
          14,
          null,
          null,
          null,
          1,
          1,
          0,
          null,
          1,
          1,
          null,
          null,
          null
        ]
      },
      "/Users/maggiehibberd/airport/spec/land_spec.rb": {
        "lines": [
          1,
          null,
          1,
          1,
          null,
          1,
          1,
          null,
          1,
          1,
          null,
          null
        ]
      },
      "/Users/maggiehibberd/airport/lib/land.rb": {
        "lines": [
          1,
          1,
          null,
          1,
          15,
          null,
          null
        ]
      },
      "/Users/maggiehibberd/airport/spec/takeoff_spec.rb": {
        "lines": [
          1,
          null,
          1,
          1,
          null,
          1,
          1,
          null,
          1,
          1,
          null,
          null
        ]
      },
      "/Users/maggiehibberd/airport/lib/takeoff.rb": {
        "lines": [
          1,
          1,
          1,
          null,
          null
        ]
      },
      "/Users/maggiehibberd/airport/spec/weather_spec.rb": {
        "lines": [
          1,
          null,
          1,
          1,
          null,
          1,
          1,
          null,
          1,
          1,
          1,
          1,
          null,
          null,
          null,
          null,
          null
        ]
      },
      "/Users/maggiehibberd/airport/lib/weather.rb": {
        "lines": [
          1,
          1,
          13,
          null,
          null,
          null,
          null
        ]
      }
    },
    "timestamp": 1607684366
  }
}
